<?xml version="1.0" encoding="UTF-8"?>
<testsuites>
  <testsuite name="fastlane.lanes">
    
    
    
      
      <testcase classname="fastlane.lanes" name="0: default_platform" time="0.000375625">
        
      </testcase>
    
      
      <testcase classname="fastlane.lanes" name="1: BundleRelease" time="1.913919475">
        
          <failure message="/var/lib/gems/2.7.0/gems/fastlane-2.205.2/fastlane/lib/fastlane/actions/actions_helper.rb:67:in `execute_action'&#10;/var/lib/gems/2.7.0/gems/fastlane-2.205.2/fastlane/lib/fastlane/runner.rb:255:in `block in execute_action'&#10;/var/lib/gems/2.7.0/gems/fastlane-2.205.2/fastlane/lib/fastlane/runner.rb:229:in `chdir'&#10;/var/lib/gems/2.7.0/gems/fastlane-2.205.2/fastlane/lib/fastlane/runner.rb:229:in `execute_action'&#10;/var/lib/gems/2.7.0/gems/fastlane-2.205.2/fastlane/lib/fastlane/runner.rb:157:in `trigger_action_by_name'&#10;/var/lib/gems/2.7.0/gems/fastlane-2.205.2/fastlane/lib/fastlane/fast_file.rb:159:in `method_missing'&#10;Fastfile:85:in `block (2 levels) in parsing_binding'&#10;/var/lib/gems/2.7.0/gems/fastlane-2.205.2/fastlane/lib/fastlane/lane.rb:33:in `call'&#10;/var/lib/gems/2.7.0/gems/fastlane-2.205.2/fastlane/lib/fastlane/runner.rb:49:in `block in execute'&#10;/var/lib/gems/2.7.0/gems/fastlane-2.205.2/fastlane/lib/fastlane/runner.rb:45:in `chdir'&#10;/var/lib/gems/2.7.0/gems/fastlane-2.205.2/fastlane/lib/fastlane/runner.rb:45:in `execute'&#10;/var/lib/gems/2.7.0/gems/fastlane-2.205.2/fastlane/lib/fastlane/lane_manager.rb:47:in `cruise_lane'&#10;/var/lib/gems/2.7.0/gems/fastlane-2.205.2/fastlane/lib/fastlane/command_line_handler.rb:36:in `handle'&#10;/var/lib/gems/2.7.0/gems/fastlane-2.205.2/fastlane/lib/fastlane/commands_generator.rb:110:in `block (2 levels) in run'&#10;/var/lib/gems/2.7.0/gems/commander-4.6.0/lib/commander/command.rb:187:in `call'&#10;/var/lib/gems/2.7.0/gems/commander-4.6.0/lib/commander/command.rb:157:in `run'&#10;/var/lib/gems/2.7.0/gems/commander-4.6.0/lib/commander/runner.rb:444:in `run_active_command'&#10;/var/lib/gems/2.7.0/gems/fastlane-2.205.2/fastlane_core/lib/fastlane_core/ui/fastlane_runner.rb:124:in `run!'&#10;/var/lib/gems/2.7.0/gems/commander-4.6.0/lib/commander/delegates.rb:18:in `run!'&#10;/var/lib/gems/2.7.0/gems/fastlane-2.205.2/fastlane/lib/fastlane/commands_generator.rb:354:in `run'&#10;/var/lib/gems/2.7.0/gems/fastlane-2.205.2/fastlane/lib/fastlane/commands_generator.rb:43:in `start'&#10;/var/lib/gems/2.7.0/gems/fastlane-2.205.2/fastlane/lib/fastlane/cli_tools_distributor.rb:122:in `take_off'&#10;/var/lib/gems/2.7.0/gems/fastlane-2.205.2/bin/fastlane:23:in `&lt;top (required)&gt;'&#10;/usr/local/bin/fastlane:23:in `load'&#10;/usr/local/bin/fastlane:23:in `&lt;main&gt;'&#10;&#10;Exit status of command '/home/mind/AndroidStudioProjects/FastlaneSampleProject/gradlew BundleRelease -p . -Pandroid.injected.signing.store.file=Your\ Keystore\ Path -Pandroid.injected.signing.store.password=Your\ Keystore\ Password -Pandroid.injected.signing.key.alias=Your\ Key\ Alias -Pandroid.injected.signing.key.password=Your\ Key\ Password' was 1 instead of 0.&#10;&gt; Task :app:preBuild UP-TO-DATE&#10;&gt; Task :app:preReleaseBuild UP-TO-DATE&#10;&gt; Task :app:compileReleaseRenderscript NO-SOURCE&#10;&gt; Task :app:generateReleaseResValues UP-TO-DATE&#10;&gt; Task :app:generateReleaseResources UP-TO-DATE&#10;&gt; Task :app:processReleaseGoogleServices UP-TO-DATE&#10;&gt; Task :app:mergeReleaseResources UP-TO-DATE&#10;&gt; Task :app:createReleaseCompatibleScreenManifests UP-TO-DATE&#10;&gt; Task :app:extractDeepLinksRelease UP-TO-DATE&#10;&gt; Task :app:processReleaseMainManifest UP-TO-DATE&#10;&gt; Task :app:processReleaseManifest UP-TO-DATE&#10;&gt; Task :app:processApplicationManifestReleaseForBundle&#10;&gt; Task :app:checkReleaseDuplicateClasses UP-TO-DATE&#10;&gt; Task :app:buildKotlinToolingMetadata UP-TO-DATE&#10;&gt; Task :app:compileReleaseAidl NO-SOURCE&#10;&gt; Task :app:generateReleaseBuildConfig UP-TO-DATE&#10;&gt; Task :app:checkReleaseAarMetadata UP-TO-DATE&#10;&gt; Task :app:packageReleaseResources UP-TO-DATE&#10;&gt; Task :app:parseReleaseLocalResources UP-TO-DATE&#10;&gt; Task :app:processReleaseManifestForPackage UP-TO-DATE&#10;&gt; Task :app:processReleaseResources UP-TO-DATE&#10;&gt; Task :app:compileReleaseKotlin UP-TO-DATE&#10;&gt; Task :app:javaPreCompileRelease UP-TO-DATE&#10;&gt; Task :app:compileReleaseJavaWithJavac UP-TO-DATE&#10;&gt; Task :app:dexBuilderRelease UP-TO-DATE&#10;&gt; Task :app:desugarReleaseFileDependencies UP-TO-DATE&#10;&gt; Task :app:mergeExtDexRelease UP-TO-DATE&#10;&gt; Task :app:mergeDexRelease UP-TO-DATE&#10;&gt; Task :app:mergeReleaseShaders UP-TO-DATE&#10;&gt; Task :app:compileReleaseShaders NO-SOURCE&#10;&gt; Task :app:generateReleaseAssets UP-TO-DATE&#10;&gt; Task :app:mergeReleaseAssets UP-TO-DATE&#10;&gt; Task :app:processReleaseJavaRes NO-SOURCE&#10;&gt; Task :app:mergeReleaseJavaResource UP-TO-DATE&#10;&gt; Task :app:mergeReleaseJniLibFolders UP-TO-DATE&#10;&gt; Task :app:mergeReleaseNativeLibs NO-SOURCE&#10;&gt; Task :app:stripReleaseDebugSymbols NO-SOURCE&#10;&gt; Task :app:mergeReleaseArtProfile UP-TO-DATE&#10;&gt; Task :app:compileReleaseArtProfile UP-TO-DATE&#10;&gt; Task :app:collectReleaseDependencies UP-TO-DATE&#10;&gt; Task :app:configureReleaseDependencies&#10;&gt; Task :app:extractReleaseNativeSymbolTables NO-SOURCE&#10;&gt; Task :app:writeReleaseAppMetadata UP-TO-DATE&#10;&gt; Task :app:validateSigningRelease FAILED&#10;&gt; Task :app:parseReleaseIntegrityConfig&#10;&gt; Task :app:bundleReleaseResources&#10;&#10;FAILURE: Build failed with an exception.&#10;&#10;* What went wrong:&#10;Execution failed for task ':app:validateSigningRelease'.&#10;&gt; Keystore file '/home/mind/.gradle/daemon/7.2/Your Keystore Path' not found for signing config 'externalOverride'.&#10;&#10;* Try:&#10;Run with --stacktrace option to get the stack trace. Run with --info or --debug option to get more log output. Run with --scan to get full insights.&#10;&#10;* Get more help at https://help.gradle.org&#10;&#10;BUILD FAILED in 1s&#10;35 actionable tasks: 5 executed, 30 up-to-date&#10;" />
        
      </testcase>
    
  </testsuite>
</testsuites>
